{"/home/frontend-project-46/src/index.js": {"path":"/home/frontend-project-46/src/index.js","all":false,"statementMap":{"0":{"start":{"line":1,"column":0},"end":{"line":1,"column":20}},"1":{"start":{"line":2,"column":0},"end":{"line":2,"column":24}},"2":{"start":{"line":3,"column":0},"end":{"line":3,"column":30}},"3":{"start":{"line":4,"column":0},"end":{"line":4,"column":23}},"4":{"start":{"line":5,"column":0},"end":{"line":5,"column":0}},"5":{"start":{"line":6,"column":0},"end":{"line":6,"column":76}},"6":{"start":{"line":7,"column":0},"end":{"line":7,"column":83}},"7":{"start":{"line":8,"column":0},"end":{"line":8,"column":63}},"8":{"start":{"line":9,"column":0},"end":{"line":9,"column":43}},"9":{"start":{"line":10,"column":0},"end":{"line":10,"column":18}},"10":{"start":{"line":11,"column":0},"end":{"line":11,"column":37}},"11":{"start":{"line":12,"column":0},"end":{"line":12,"column":37}},"12":{"start":{"line":13,"column":0},"end":{"line":13,"column":79}},"13":{"start":{"line":14,"column":0},"end":{"line":14,"column":27}},"14":{"start":{"line":15,"column":0},"end":{"line":15,"column":65}},"15":{"start":{"line":16,"column":0},"end":{"line":16,"column":38}},"16":{"start":{"line":17,"column":0},"end":{"line":17,"column":48}},"17":{"start":{"line":18,"column":0},"end":{"line":18,"column":14}},"18":{"start":{"line":19,"column":0},"end":{"line":19,"column":48}},"19":{"start":{"line":20,"column":0},"end":{"line":20,"column":48}},"20":{"start":{"line":21,"column":0},"end":{"line":21,"column":7}},"21":{"start":{"line":22,"column":0},"end":{"line":22,"column":5}},"22":{"start":{"line":23,"column":0},"end":{"line":23,"column":0}},"23":{"start":{"line":24,"column":0},"end":{"line":24,"column":66}},"24":{"start":{"line":25,"column":0},"end":{"line":25,"column":46}},"25":{"start":{"line":26,"column":0},"end":{"line":26,"column":5}},"26":{"start":{"line":27,"column":0},"end":{"line":27,"column":0}},"27":{"start":{"line":28,"column":0},"end":{"line":28,"column":66}},"28":{"start":{"line":29,"column":0},"end":{"line":29,"column":46}},"29":{"start":{"line":30,"column":0},"end":{"line":30,"column":5}},"30":{"start":{"line":31,"column":0},"end":{"line":31,"column":18}},"31":{"start":{"line":32,"column":0},"end":{"line":32,"column":5}},"32":{"start":{"line":33,"column":0},"end":{"line":33,"column":36}},"33":{"start":{"line":34,"column":0},"end":{"line":34,"column":2}},"34":{"start":{"line":35,"column":0},"end":{"line":35,"column":0}},"35":{"start":{"line":36,"column":0},"end":{"line":36,"column":23}}},"s":{"0":1,"1":1,"2":1,"3":1,"4":1,"5":1,"6":1,"7":1,"8":1,"9":1,"10":1,"11":1,"12":1,"13":1,"14":5,"15":2,"16":1,"17":1,"18":1,"19":1,"20":1,"21":2,"22":5,"23":5,"24":2,"25":2,"26":5,"27":5,"28":1,"29":1,"30":5,"31":1,"32":1,"33":1,"34":1,"35":1},"branchMap":{"0":{"type":"branch","line":6,"loc":{"start":{"line":6,"column":25},"end":{"line":6,"column":75}},"locations":[{"start":{"line":6,"column":25},"end":{"line":6,"column":75}}]},"1":{"type":"branch","line":7,"loc":{"start":{"line":7,"column":18},"end":{"line":7,"column":82}},"locations":[{"start":{"line":7,"column":18},"end":{"line":7,"column":82}}]},"2":{"type":"branch","line":8,"loc":{"start":{"line":8,"column":19},"end":{"line":8,"column":62}},"locations":[{"start":{"line":8,"column":19},"end":{"line":8,"column":62}}]},"3":{"type":"branch","line":9,"loc":{"start":{"line":9,"column":16},"end":{"line":34,"column":2}},"locations":[{"start":{"line":9,"column":16},"end":{"line":34,"column":2}}]},"4":{"type":"branch","line":14,"loc":{"start":{"line":14,"column":18},"end":{"line":32,"column":3}},"locations":[{"start":{"line":14,"column":18},"end":{"line":32,"column":3}}]},"5":{"type":"branch","line":15,"loc":{"start":{"line":15,"column":33},"end":{"line":15,"column":62}},"locations":[{"start":{"line":15,"column":33},"end":{"line":15,"column":62}}]},"6":{"type":"branch","line":15,"loc":{"start":{"line":15,"column":64},"end":{"line":22,"column":5}},"locations":[{"start":{"line":15,"column":64},"end":{"line":22,"column":5}}]},"7":{"type":"branch","line":16,"loc":{"start":{"line":16,"column":37},"end":{"line":21,"column":7}},"locations":[{"start":{"line":16,"column":37},"end":{"line":21,"column":7}}]},"8":{"type":"branch","line":24,"loc":{"start":{"line":24,"column":33},"end":{"line":24,"column":63}},"locations":[{"start":{"line":24,"column":33},"end":{"line":24,"column":63}}]},"9":{"type":"branch","line":24,"loc":{"start":{"line":24,"column":65},"end":{"line":26,"column":5}},"locations":[{"start":{"line":24,"column":65},"end":{"line":26,"column":5}}]},"10":{"type":"branch","line":28,"loc":{"start":{"line":28,"column":33},"end":{"line":28,"column":63}},"locations":[{"start":{"line":28,"column":33},"end":{"line":28,"column":63}}]},"11":{"type":"branch","line":28,"loc":{"start":{"line":28,"column":65},"end":{"line":30,"column":5}},"locations":[{"start":{"line":28,"column":65},"end":{"line":30,"column":5}}]}},"b":{"0":[2],"1":[2],"2":[2],"3":[1],"4":[5],"5":[4],"6":[2],"7":[1],"8":[4],"9":[2],"10":[3],"11":[1]},"fnMap":{"0":{"name":"getAbsolutePath","decl":{"start":{"line":6,"column":25},"end":{"line":6,"column":75}},"loc":{"start":{"line":6,"column":25},"end":{"line":6,"column":75}},"line":6},"1":{"name":"readFile","decl":{"start":{"line":7,"column":18},"end":{"line":7,"column":82}},"loc":{"start":{"line":7,"column":18},"end":{"line":7,"column":82}},"line":7},"2":{"name":"parseFile","decl":{"start":{"line":8,"column":19},"end":{"line":8,"column":62}},"loc":{"start":{"line":8,"column":19},"end":{"line":8,"column":62}},"line":8},"3":{"name":"genDiff","decl":{"start":{"line":9,"column":16},"end":{"line":34,"column":2}},"loc":{"start":{"line":9,"column":16},"end":{"line":34,"column":2}},"line":9}},"f":{"0":2,"1":2,"2":2,"3":1}}
}
