TN:
SF:src/index.js
FN:6,getAbsolutePath
FN:7,readFile
FN:8,parseFile
FN:9,genDiff
FNF:4
FNH:4
FNDA:2,getAbsolutePath
FNDA:2,readFile
FNDA:2,parseFile
FNDA:1,genDiff
DA:1,1
DA:2,1
DA:3,1
DA:4,1
DA:5,1
DA:6,1
DA:7,1
DA:8,1
DA:9,1
DA:10,1
DA:11,1
DA:12,1
DA:13,1
DA:14,1
DA:15,5
DA:16,2
DA:17,1
DA:18,1
DA:19,1
DA:20,1
DA:21,1
DA:22,2
DA:23,5
DA:24,5
DA:25,2
DA:26,2
DA:27,5
DA:28,5
DA:29,1
DA:30,1
DA:31,5
DA:32,1
DA:33,1
DA:34,1
DA:35,1
DA:36,1
LF:36
LH:36
BRDA:6,0,0,2
BRDA:7,1,0,2
BRDA:8,2,0,2
BRDA:9,3,0,1
BRDA:14,4,0,5
BRDA:15,5,0,4
BRDA:15,6,0,2
BRDA:16,7,0,1
BRDA:24,8,0,4
BRDA:24,9,0,2
BRDA:28,10,0,3
BRDA:28,11,0,1
BRF:12
BRH:12
end_of_record
